<?xml version="1.0" encoding="UTF-8"?>
<!-- Generated by org.testng.reporters.JUnitReportReporter -->
<testsuite hostname="DARKKNIGHT-01" failures="0" tests="9" name="testRunner.TestRunner" time="89.742" errors="0" timestamp="2025-07-25T17:31:13 IST" skipped="0">
  <testcase classname="testRunner.TestRunner" name="runScenario" time="8.091"/>
  <system-out/>
  <testcase classname="testRunner.TestRunner" name="runScenario" time="7.669"/>
  <system-out/>
  <testcase classname="testRunner.TestRunner" name="runScenario" time="19.976"/>
  <system-out/>
  <testcase classname="testRunner.TestRunner" name="runScenario" time="8.886"/>
  <system-out/>
  <testcase classname="testRunner.TestRunner" name="runScenario" time="7.195"/>
  <system-out/>
  <testcase classname="testRunner.TestRunner" name="runScenario" time="8.853"/>
  <system-out/>
  <testcase classname="testRunner.TestRunner" name="runScenario" time="7.626"/>
  <system-out/>
  <testcase classname="testRunner.TestRunner" name="runScenario" time="13.291"/>
  <system-out/>
  <testcase classname="testRunner.TestRunner" name="runScenario" time="8.155"/>
  <system-out/>
</testsuite> <!-- testRunner.TestRunner -->
